app/build/outputs/logs/manifest-merger-debug-report.txt
-- Merging decision tree log ---
manifest
ADDED from src\main\AndroidManifest.xml:2:1-25:12
	xmlns:android
		ADDED from src\main\AndroidManifest.xml:2:11-69
	package
		ADDED from src\main\AndroidManifest.xml:3:11-41
		INJECTED from src\main\AndroidManifest.xml
		INJECTED from src\main\AndroidManifest.xml
	android:versionName
		ADDED from src\main\AndroidManifest.xml:5:11-36
		INJECTED from src\main\AndroidManifest.xml
		INJECTED from src\main\AndroidManifest.xml
	android:versionCode
		ADDED from src\main\AndroidManifest.xml:4:11-34
		INJECTED from src\main\AndroidManifest.xml
		INJECTED from src\main\AndroidManifest.xml
uses-sdk
ADDED from src\main\AndroidManifest.xml:6:3-40
	android:targetSdkVersion
		INJECTED from src\main\AndroidManifest.xml
		INJECTED from src\main\AndroidManifest.xml
	android:minSdkVersion
		ADDED from src\main\AndroidManifest.xml:6:13-38
		INJECTED from src\main\AndroidManifest.xml
		INJECTED from src\main\AndroidManifest.xml
application
ADDED from src\main\AndroidManifest.xml:8:3-24:17
	android:label
		ADDED from src\main\AndroidManifest.xml:8:46-78
	android:icon
		ADDED from src\main\AndroidManifest.xml:8:16-45
activity#com.example.android.TestActivity
ADDED from src\main\AndroidManifest.xml:9:5-15:16
	android:label
		ADDED from src\main\AndroidManifest.xml:10:15-47
	android:name
		ADDED from src\main\AndroidManifest.xml:9:15-62
intent-filter#android.intent.action.MAIN+android.intent.category.LAUNCHER
ADDED from src\main\AndroidManifest.xml:11:7-14:23
action#android.intent.action.MAIN
ADDED from src\main\AndroidManifest.xml:12:9-60
	android:name
		ADDED from src\main\AndroidManifest.xml:12:17-58
category#android.intent.category.LAUNCHER
ADDED from src\main\AndroidManifest.xml:13:9-68
	android:name
		ADDED from src\main\AndroidManifest.xml:13:19-66
activity#com.example.android.PersonActivity
ADDED from src\main\AndroidManifest.xml:16:5-17:56
	android:windowSoftInputMode
		ADDED from src\main\AndroidManifest.xml:17:15-54
	android:name
		ADDED from src\main\AndroidManifest.xml:16:15-64
activity#com.example.android.AddressBookActivity
ADDED from src\main\AndroidManifest.xml:19:5-22:11
	android:windowSoftInputMode
		ADDED from src\main\AndroidManifest.xml:20:15-54
	android:screenOrientation
		ADDED from src\main\AndroidManifest.xml:21:15-51
	android:name
		ADDED from src\main\AndroidManifest.xml:19:15-69